<?xml version="1.0" encoding="UTF-8"?>
<!-- Generated by org.testng.reporters.JUnitReportReporter -->
<testsuite hostname="MRINMOY" failures="0" tests="3" name="practice.WritingProgramUsingTestNg" time="0.008" errors="0" timestamp="2022-03-11T15:02:23 IST" skipped="0">
  <testcase classname="practice.WritingProgramUsingTestNg" name="A" time="0.006"/>
  <system-out/>
  <testcase classname="practice.WritingProgramUsingTestNg" name="B" time="0.001"/>
  <system-out/>
  <testcase classname="practice.WritingProgramUsingTestNg" name="C" time="0.001"/>
  <system-out/>
</testsuite> <!-- practice.WritingProgramUsingTestNg -->
