<?xml version="1.0" encoding="UTF-8"?>
<!-- Generated by org.testng.reporters.JUnitReportReporter -->
<testsuite hostname="MRINMOY" failures="0" tests="3" name="practice.DataProviderAndPriorityInSameClassTest" time="0.015" errors="0" timestamp="2022-06-06T01:11:03 IST" skipped="0">
  <testcase classname="practice.DataProviderAndPriorityInSameClassTest" name="demo" time="0.012"/>
  <system-out/>
  <testcase classname="practice.DataProviderAndPriorityInSameClassTest" name="sample" time="0.002"/>
  <system-out/>
  <testcase classname="practice.DataProviderAndPriorityInSameClassTest" name="mrin" time="0.001"/>
  <system-out/>
</testsuite> <!-- practice.DataProviderAndPriorityInSameClassTest -->
