<?xml version="1.0" encoding="UTF-8"?>
<!-- Generated by org.testng.reporters.JUnitReportReporter -->
<testsuite hostname="MRINMOY" failures="0" tests="1" name="com.crm.Autodesk.products.CreateProductsTestNgTest" time="17.130" errors="0" timestamp="2022-03-17T19:16:36 IST" skipped="0">
  <testcase classname="com.crm.Autodesk.products.CreateProductsTestNgTest" name="createProducts" time="17.130"/>
  <system-out/>
</testsuite> <!-- com.crm.Autodesk.products.CreateProductsTestNgTest -->
