<?xml version="1.0" encoding="UTF-8"?>
<!-- Generated by org.testng.reporters.JUnitReportReporter -->
<testsuite hostname="MRINMOY" failures="0" tests="1" name="com.crm.Autodesk.purchaseOrder.CreatePurchaseOrder28TestNgTest" time="35.167" errors="0" timestamp="2022-03-24T11:52:49 IST" skipped="0">
  <testcase classname="com.crm.Autodesk.purchaseOrder.CreatePurchaseOrder28TestNgTest" name="purchaseOrder" time="35.167"/>
  <system-out/>
</testsuite> <!-- com.crm.Autodesk.purchaseOrder.CreatePurchaseOrder28TestNgTest -->
