<?xml version="1.0" encoding="UTF-8"?>
<!-- Generated by org.testng.reporters.JUnitReportReporter -->
<testsuite hostname="MRINMOY" failures="0" tests="1" name="practice.DynamicWebTableCaptureOrgAndPrint" time="29.232" errors="0" timestamp="2022-06-06T01:32:48 IST" skipped="0">
  <testcase classname="practice.DynamicWebTableCaptureOrgAndPrint" name="selectCheckBox" time="29.232"/>
  <system-out/>
</testsuite> <!-- practice.DynamicWebTableCaptureOrgAndPrint -->
