<?xml version="1.0" encoding="UTF-8"?>
<!-- Generated by org.testng.reporters.JUnitReportReporter -->
<testsuite hostname="MRINMOY" failures="0" tests="1" name="practice.Demo" time="0.008" errors="0" timestamp="2022-03-18T10:41:01 IST" skipped="0">
  <testcase classname="practice.Demo" name="Demo1" time="0.008"/>
  <system-out/>
</testsuite> <!-- practice.Demo -->
