<?xml version="1.0" encoding="UTF-8"?>
<!-- Generated by org.testng.reporters.JUnitReportReporter -->
<testsuite hostname="MRINMOY" failures="0" tests="1" name="practice.FetchingValuesFromXml" time="0.009" errors="0" timestamp="2022-06-06T01:36:01 IST" skipped="0">
  <testcase classname="practice.FetchingValuesFromXml" name="getValues" time="0.009"/>
  <system-out/>
</testsuite> <!-- practice.FetchingValuesFromXml -->
