<?xml version="1.0" encoding="UTF-8"?>
<!-- Generated by org.testng.reporters.JUnitReportReporter -->
<testsuite hostname="MRINMOY" failures="0" tests="1" name="practice.SeleniumTest" time="26.608" errors="0" timestamp="2022-04-09T18:55:46 IST" skipped="0">
  <testcase classname="practice.SeleniumTest" name="getValues" time="26.608"/>
  <system-out/>
</testsuite> <!-- practice.SeleniumTest -->
