<?xml version="1.0" encoding="UTF-8"?>
<!-- Generated by org.testng.reporters.JUnitReportReporter -->
<testsuite hostname="MRINMOY" failures="0" tests="1" name="practice.LenskartTest" time="24.616" errors="0" timestamp="2022-04-03T13:15:06 IST" skipped="0">
  <testcase classname="practice.LenskartTest" name="select" time="24.616"/>
  <system-out/>
</testsuite> <!-- practice.LenskartTest -->
