<?xml version="1.0" encoding="UTF-8"?>
<!-- Generated by org.testng.reporters.JUnitReportReporter -->
<testsuite hostname="MRINMOY" failures="0" tests="1" name="practice.SpiceJetTest" time="21.074" errors="0" timestamp="2022-03-31T00:40:52 IST" skipped="0">
  <testcase classname="practice.SpiceJetTest" name="bookseat" time="21.074"/>
  <system-out/>
</testsuite> <!-- practice.SpiceJetTest -->
