<?xml version="1.0" encoding="UTF-8"?>
<!-- Generated by org.testng.reporters.JUnitReportReporter -->
<testsuite hostname="MRINMOY" failures="0" tests="2" name="practice.Sample" time="0.003" errors="0" timestamp="2022-03-17T17:48:59 IST" skipped="0">
  <testcase classname="practice.Sample" name="Sample1" time="0.001"/>
  <system-out/>
  <testcase classname="practice.Sample" name="Sample3" time="0.002"/>
  <system-out/>
</testsuite> <!-- practice.Sample -->
