<?xml version="1.0" encoding="UTF-8"?>
<!-- Generated by org.testng.reporters.JUnitReportReporter -->
<testsuite hostname="MRINMOY" failures="0" tests="5" name="practice.UsingLoginScriptInTestNG" time="97.143" errors="0" timestamp="2022-03-14T12:04:17 IST" skipped="0">
  <testcase classname="practice.UsingLoginScriptInTestNG" name="login" time="19.383"/>
  <system-out/>
  <testcase classname="practice.UsingLoginScriptInTestNG" name="login" time="19.088"/>
  <system-out/>
  <testcase classname="practice.UsingLoginScriptInTestNG" name="login" time="20.101"/>
  <system-out/>
  <testcase classname="practice.UsingLoginScriptInTestNG" name="login" time="18.788"/>
  <system-out/>
  <testcase classname="practice.UsingLoginScriptInTestNG" name="login" time="19.783"/>
  <system-out/>
</testsuite> <!-- practice.UsingLoginScriptInTestNG -->
