<?xml version="1.0" encoding="UTF-8"?>
<!-- Generated by org.testng.reporters.JUnitReportReporter -->
<testsuite hostname="MRINMOY" failures="0" tests="1" name="practice.SoftAssertionsTest" time="0.010" errors="0" timestamp="2022-03-17T19:00:58 IST" skipped="0">
  <testcase classname="practice.SoftAssertionsTest" name="sample" time="0.010"/>
  <system-out/>
</testsuite> <!-- practice.SoftAssertionsTest -->
