<?xml version="1.0" encoding="UTF-8"?>
<!-- Generated by org.testng.reporters.JUnitReportReporter -->
<testsuite hostname="MRINMOY" failures="0" tests="1" name="com.crm.Autodesk.contact.CreateContactTestNGTest" time="18.663" errors="0" timestamp="2022-03-17T19:09:29 IST" skipped="0">
  <testcase classname="com.crm.Autodesk.contact.CreateContactTestNGTest" name="createContact" time="18.663"/>
  <system-out/>
</testsuite> <!-- com.crm.Autodesk.contact.CreateContactTestNGTest -->
