<?xml version="1.0" encoding="UTF-8"?>
<!-- Generated by org.testng.reporters.JUnitReportReporter -->
<testsuite hostname="MRINMOY" failures="0" tests="5" name="practice.FetchingDataUsingTestNgManuallyTest" time="0.009" errors="0" timestamp="2022-03-14T11:46:30 IST" skipped="0">
  <testcase classname="practice.FetchingDataUsingTestNgManuallyTest" name="multipldata" time="0.004"/>
  <system-out/>
  <testcase classname="practice.FetchingDataUsingTestNgManuallyTest" name="multipldata" time="0.001"/>
  <system-out/>
  <testcase classname="practice.FetchingDataUsingTestNgManuallyTest" name="multipldata" time="0.001"/>
  <system-out/>
  <testcase classname="practice.FetchingDataUsingTestNgManuallyTest" name="multipldata" time="0.002"/>
  <system-out/>
  <testcase classname="practice.FetchingDataUsingTestNgManuallyTest" name="multipldata" time="0.001"/>
  <system-out/>
</testsuite> <!-- practice.FetchingDataUsingTestNgManuallyTest -->
