<?xml version="1.0" encoding="UTF-8"?>
<!-- Generated by org.testng.reporters.JUnitReportReporter -->
<testsuite hostname="MRINMOY" failures="0" tests="1" name="com.crm.Autodesk.contact.CreateContactWithOrgTestNgTest" time="27.654" errors="0" timestamp="2022-03-24T10:49:50 IST" skipped="0">
  <testcase classname="com.crm.Autodesk.contact.CreateContactWithOrgTestNgTest" name="createContactWithOrg" time="27.654"/>
  <system-out/>
</testsuite> <!-- com.crm.Autodesk.contact.CreateContactWithOrgTestNgTest -->
