<?xml version="1.0" encoding="UTF-8"?>
<!-- Generated by org.testng.reporters.JUnitReportReporter -->
<testsuite hostname="MRINMOY" failures="0" tests="1" name="practice.HardAssertionsTest" time="0.008" errors="0" timestamp="2022-03-17T18:52:28 IST" skipped="0">
  <testcase classname="practice.HardAssertionsTest" name="demo" time="0.008"/>
  <system-out/>
</testsuite> <!-- practice.HardAssertionsTest -->
