<?xml version="1.0" encoding="UTF-8"?>
<!-- Generated by org.testng.reporters.JUnitReportReporter -->
<testsuite hostname="MRINMOY" failures="0" tests="1" name="com.crm.Autodesk.purchaseOrder.CreatePurchaseOrder29TestNgTest" time="41.461" errors="0" timestamp="2022-03-17T19:50:45 IST" skipped="0">
  <testcase classname="com.crm.Autodesk.purchaseOrder.CreatePurchaseOrder29TestNgTest" name="createPurchaseOrder" time="41.461"/>
  <system-out/>
</testsuite> <!-- com.crm.Autodesk.purchaseOrder.CreatePurchaseOrder29TestNgTest -->
